<?xml version="1.0" encoding="UTF-8"?>
<testng-results ignored="0" total="1" passed="1" failed="0" skipped="0">
  <reporter-output>
  </reporter-output>
  <suite started-at="2022-09-22T14:05:15 IST" name="Suite" finished-at="2022-09-22T14:05:51 IST" duration-ms="35992">
    <groups>
    </groups>
    <test started-at="2022-09-22T14:05:15 IST" name="Test" finished-at="2022-09-22T14:05:51 IST" duration-ms="35992">
      <class name="Kohler.LinksCrawl">
        <test-method signature="a()[pri:0, instance:Kohler.LinksCrawl@3315d2d7]" started-at="2022-09-22T14:05:15 IST" name="a" finished-at="2022-09-22T14:05:51 IST" duration-ms="35954" status="PASS">
          <reporter-output>
          </reporter-output>
        </test-method> <!-- a -->
      </class> <!-- Kohler.LinksCrawl -->
    </test> <!-- Test -->
  </suite> <!-- Suite -->
</testng-results>
