<?xml version="1.0" encoding="UTF-8"?>
<testng-results ignored="0" total="1" passed="1" failed="0" skipped="0">
  <reporter-output>
  </reporter-output>
  <suite started-at="2023-05-24T11:32:24 IST" name="Default suite" finished-at="2023-05-24T11:32:52 IST" duration-ms="27422">
    <groups>
    </groups>
    <test started-at="2023-05-24T11:32:24 IST" name="Default test" finished-at="2023-05-24T11:32:52 IST" duration-ms="27422">
      <class name="Kohler.LinksCrawl">
        <test-method signature="a()[pri:0, instance:Kohler.LinksCrawl@3315d2d7]" started-at="2023-05-24T11:32:24 IST" name="a" finished-at="2023-05-24T11:32:52 IST" duration-ms="27329" status="PASS">
          <reporter-output>
          </reporter-output>
        </test-method> <!-- a -->
      </class> <!-- Kohler.LinksCrawl -->
    </test> <!-- Default test -->
  </suite> <!-- Default suite -->
</testng-results>
